<?xml version="1.0" encoding="UTF-8"?>
<testsuite name="LoxTest" tests="1" skipped="0" failures="0" errors="0" timestamp="2022-04-15T07:16:46" hostname="DESKTOP-A65TOTA" time="0.017">
  <properties/>
  <testcase name="testInput()" classname="LoxTest" time="0.017"/>
  <system-out><![CDATA[PRINT print null
IDENTIFIER a null
SEMICOLON ; null
EOF  null
]]></system-out>
  <system-err><![CDATA[]]></system-err>
</testsuite>
